[    0.000000] Linux version 4.8.0-54-generic (buildd@lgw01-05) (gcc version 6.2.0 20161005 (Ubuntu 6.2.0-5ubuntu12) ) #57-Ubuntu SMP Wed May 24 10:21:44 UTC 2017 (Ubuntu 4.8.0-54.57-generic 4.8.17)
[    0.000000] Command line: BOOT_IMAGE=/boot/vmlinuz-4.8.0-54-generic root=LABEL=cloudimg-rootfs ro console=tty1 console=ttyS0
[    0.000000] KERNEL supported cpus:
[    0.000000]   Intel GenuineIntel
[    0.000000]   AMD AuthenticAMD
[    0.000000]   Centaur CentaurHauls
[    0.000000] x86/fpu: Supporting XSAVE feature 0x001: 'x87 floating point registers'
[    0.000000] x86/fpu: Supporting XSAVE feature 0x002: 'SSE registers'
[    0.000000] x86/fpu: Supporting XSAVE feature 0x004: 'AVX registers'
[    0.000000] x86/fpu: xstate_offset[2]:  576, xstate_sizes[2]:  256
[    0.000000] x86/fpu: Enabled xstate features 0x7, context size is 832 bytes, using 'standard' format.
[    0.000000] x86/fpu: Using 'eager' FPU context switches.
[    0.000000] e820: BIOS-provided physical RAM map:
[    0.000000] BIOS-e820: [mem 0x0000000000000000-0x000000000009fbff] usable
[    0.000000] BIOS-e820: [mem 0x000000000009fc00-0x000000000009ffff] reserved
[    0.000000] BIOS-e820: [mem 0x00000000000f0000-0x00000000000fffff] reserved
[    0.000000] BIOS-e820: [mem 0x0000000000100000-0x000000003ffeffff] usable
[    0.000000] BIOS-e820: [mem 0x000000003fff0000-0x000000003fffffff] ACPI data
[    0.000000] BIOS-e820: [mem 0x00000000fec00000-0x00000000fec00fff] reserved
[    0.000000] BIOS-e820: [mem 0x00000000fee00000-0x00000000fee00fff] reserved
[    0.000000] BIOS-e820: [mem 0x00000000fffc0000-0x00000000ffffffff] reserved
[    0.000000] NX (Execute Disable) protection: active
[    0.000000] SMBIOS 2.5 present.
[    0.000000] Hypervisor detected: KVM
[    0.000000] e820: last_pfn = 0x3fff0 max_arch_pfn = 0x400000000
[    0.000000] MTRR: Disabled
[    0.000000] x86/PAT: MTRRs disabled, skipping PAT initialization too.
[    0.000000] x86/PAT: Configuration [0-7]: WB  WT  UC- UC  WB  WT  UC- UC  
[    0.000000] CPU MTRRs all blank - virtualized system.
[    0.000000] found SMP MP-table at [mem 0x0009fff0-0x0009ffff] mapped at [ffff9cadc009fff0]
[    0.000000] Scanning 1 areas for low memory corruption
[    0.000000] RAMDISK: [mem 0x36964000-0x374a9fff]
[    0.000000] ACPI: Early table checksum verification disabled
[    0.000000] ACPI: RSDP 0x00000000000E0000 000024 (v02 VBOX  )
[    0.000000] ACPI: XSDT 0x000000003FFF0030 00003C (v01 VBOX   VBOXXSDT 00000001 ASL  00000061)
[    0.000000] ACPI: FACP 0x000000003FFF00F0 0000F4 (v04 VBOX   VBOXFACP 00000001 ASL  00000061)
[    0.000000] ACPI: DSDT 0x000000003FFF0470 00210F (v01 VBOX   VBOXBIOS 00000002 INTL 20100528)
[    0.000000] ACPI: FACS 0x000000003FFF0200 000040
[    0.000000] ACPI: FACS 0x000000003FFF0200 000040
[    0.000000] ACPI: APIC 0x000000003FFF0240 00005C (v02 VBOX   VBOXAPIC 00000001 ASL  00000061)
[    0.000000] ACPI: SSDT 0x000000003FFF02A0 0001CC (v01 VBOX   VBOXCPUT 00000002 INTL 20100528)
[    0.000000] No NUMA configuration found
[    0.000000] Faking a node at [mem 0x0000000000000000-0x000000003ffeffff]
[    0.000000] NODE_DATA(0) allocated [mem 0x3ffeb000-0x3ffeffff]
[    0.000000] kvm-clock: Using msrs 4b564d01 and 4b564d00
[    0.000000] kvm-clock: cpu 0, msr 0:3ffe3001, primary cpu clock
[    0.000000] kvm-clock: using sched offset of 2922962410 cycles
[    0.000000] clocksource: kvm-clock: mask: 0xffffffffffffffff max_cycles: 0x1cd42e4dffb, max_idle_ns: 881590591483 ns
[    0.000000] Zone ranges:
[    0.000000]   DMA      [mem 0x0000000000001000-0x0000000000ffffff]
[    0.000000]   DMA32    [mem 0x0000000001000000-0x000000003ffeffff]
[    0.000000]   Normal   empty
[    0.000000]   Device   empty
[    0.000000] Movable zone start for each node
[    0.000000] Early memory node ranges
[    0.000000]   node   0: [mem 0x0000000000001000-0x000000000009efff]
[    0.000000]   node   0: [mem 0x0000000000100000-0x000000003ffeffff]
[    0.000000] Initmem setup node 0 [mem 0x0000000000001000-0x000000003ffeffff]
[    0.000000] ACPI: PM-Timer IO Port: 0x4008
[    0.000000] IOAPIC[0]: apic_id 2, version 32, address 0xfec00000, GSI 0-23
[    0.000000] ACPI: INT_SRC_OVR (bus 0 bus_irq 0 global_irq 2 dfl dfl)
[    0.000000] ACPI: INT_SRC_OVR (bus 0 bus_irq 9 global_irq 9 high level)
[    0.000000] Using ACPI (MADT) for SMP configuration information
[    0.000000] smpboot: Allowing 2 CPUs, 0 hotplug CPUs
[    0.000000] PM: Registered nosave memory: [mem 0x00000000-0x00000fff]
[    0.000000] PM: Registered nosave memory: [mem 0x0009f000-0x0009ffff]
[    0.000000] PM: Registered nosave memory: [mem 0x000a0000-0x000effff]
[    0.000000] PM: Registered nosave memory: [mem 0x000f0000-0x000fffff]
[    0.000000] e820: [mem 0x40000000-0xfebfffff] available for PCI devices
[    0.000000] Booting paravirtualized kernel on KVM
[    0.000000] clocksource: refined-jiffies: mask: 0xffffffff max_cycles: 0xffffffff, max_idle_ns: 7645519600211568 ns
[    0.000000] setup_percpu: NR_CPUS:512 nr_cpumask_bits:512 nr_cpu_ids:2 nr_node_ids:1
[    0.000000] percpu: Embedded 36 pages/cpu @ffff9cadffc00000 s107864 r8192 d31400 u1048576
[    0.000000] PV qspinlock hash table entries: 256 (order: 0, 4096 bytes)
[    0.000000] Built 1 zonelists in Node order, mobility grouping on.  Total pages: 257913
[    0.000000] Policy zone: DMA32
[    0.000000] Kernel command line: BOOT_IMAGE=/boot/vmlinuz-4.8.0-54-generic root=LABEL=cloudimg-rootfs ro console=tty1 console=ttyS0
[    0.000000] PID hash table entries: 4096 (order: 3, 32768 bytes)
[    0.000000] Memory: 1000792K/1048120K available (8848K kernel code, 1441K rwdata, 3828K rodata, 1552K init, 1296K bss, 47328K reserved, 0K cma-reserved)
[    0.000000] SLUB: HWalign=64, Order=0-3, MinObjects=0, CPUs=2, Nodes=1
[    0.000000] Hierarchical RCU implementation.
[    0.000000] 	Build-time adjustment of leaf fanout to 64.
[    0.000000] 	RCU restricting CPUs from NR_CPUS=512 to nr_cpu_ids=2.
[    0.000000] RCU: Adjusting geometry for rcu_fanout_leaf=64, nr_cpu_ids=2
[    0.000000] NR_IRQS:33024 nr_irqs:440 16
[    0.000000] Console: colour VGA+ 80x25
[    0.000000] console [tty1] enabled
[    0.000000] console [ttyS0] enabled
[    0.000000] tsc: Detected 2793.532 MHz processor
[    7.028027] Calibrating delay loop (skipped) preset value.. 5587.06 BogoMIPS (lpj=11174128)
[    7.033288] pid_max: default: 32768 minimum: 301
[    7.035428] ACPI: Core revision 20160422
[    7.040029] ACPI: 2 ACPI AML tables successfully acquired and loaded
[    7.041299] 
[    7.041889] Security Framework initialized
[    7.043875] Yama: becoming mindful.
[    7.044635] AppArmor: AppArmor initialized
[    7.047175] Dentry cache hash table entries: 131072 (order: 8, 1048576 bytes)
[    7.053377] Inode-cache hash table entries: 65536 (order: 7, 524288 bytes)
[    7.057408] Mount-cache hash table entries: 2048 (order: 2, 16384 bytes)
[    7.068317] Mountpoint-cache hash table entries: 2048 (order: 2, 16384 bytes)
[    7.150356] CPU: Physical Processor ID: 0
[    7.216639] CPU: Processor Core ID: 0
[    7.267819] mce: CPU supports 0 MCE banks
[    7.310887] Last level iTLB entries: 4KB 1024, 2MB 1024, 4MB 1024
[    7.408074] Last level dTLB entries: 4KB 1024, 2MB 1024, 4MB 1024, 1GB 4
[    7.498396] Freeing SMP alternatives memory: 32K (ffffffff95eee000 - ffffffff95ef6000)
[    7.620739] ftrace: allocating 33435 entries in 131 pages
[    7.714184] smpboot: APIC(0) Converting physical 0 to logical package 0
[    7.811742] smpboot: Max logical packages: 1
[    7.883893] x2apic enabled
[    7.926953] Switched APIC routing to physical x2apic.
[    8.001836] ..TIMER: vector=0x30 apic1=0 pin1=2 apic2=-1 pin2=-1
[    8.235079] smpboot: CPU0: Intel(R) Core(TM) i7-4980HQ CPU @ 2.80GHz (family: 0x6, model: 0x46, stepping: 0x1)
[    8.420114] Performance Events: unsupported p6 CPU model 70 no PMU driver, software events only.
[    8.583822] KVM setup paravirtual spinlock
[    8.675499] x86: Booting SMP configuration:
[    8.747727] .... node  #0, CPUs:      #1
[    8.832051] kvm-clock: cpu 1, msr 0:3ffe3041, secondary cpu clock
[    8.951517] mce: CPU supports 0 MCE banks
[    9.025196] x86: Booted up 1 node, 2 CPUs
[    9.115819] smpboot: Total of 2 processors activated (11174.12 BogoMIPS)
[    9.221162] devtmpfs: initialized
[    9.245319] x86/mm: Memory block size: 128MB
[    9.272345] evm: security.selinux
[    9.308052] evm: security.SMACK64
[    9.364961] evm: security.SMACK64EXEC
[    9.434727] evm: security.SMACK64TRANSMUTE
[    9.499483] evm: security.SMACK64MMAP
[    9.564190] evm: security.ima
[    9.613003] evm: security.capability
[    9.668225] clocksource: jiffies: mask: 0xffffffff max_cycles: 0xffffffff, max_idle_ns: 7645041785100000 ns
[    9.863075] pinctrl core: initialized pinctrl subsystem
[    9.940531] RTC time: 22:52:32, date: 07/18/17
[   10.013602] NET: Registered protocol family 16
[   10.100850] cpuidle: using governor ladder
[   10.160071] cpuidle: using governor menu
[   10.216420] PCCT header not found.
[   10.264392] ACPI: bus type PCI registered
[   10.310555] acpiphp: ACPI Hot Plug PCI Controller Driver version: 0.5
[   10.342715] PCI: Using configuration type 1 for base access
[   10.388333] HugeTLB registered 2 MB page size, pre-allocated 0 pages
[   10.510386] ACPI: Added _OSI(Module Device)
[   10.524563] ACPI: Added _OSI(Processor Device)
[   10.525204] ACPI: Added _OSI(3.0 _SCP Extensions)
[   10.525898] ACPI: Added _OSI(Processor Aggregator Device)
[   10.626443] ACPI: Executed 1 blocks of module-level executable AML code
[   10.728247] ACPI: Interpreter enabled
[   10.778693] ACPI: (supports S0 S5)
[   10.844593] ACPI: Using IOAPIC for interrupt routing
[   10.926512] PCI: Using host bridge windows from ACPI; if necessary, use "pci=nocrs" and report a bug
[   11.078874] ACPI: PCI Root Bridge [PCI0] (domain 0000 [bus 00-ff])
[   11.197956] acpi PNP0A03:00: _OSC: OS supports [ASPM ClockPM Segments MSI]
[   11.251278] acpi PNP0A03:00: _OSC failed (AE_NOT_FOUND); disabling ASPM
[   11.310535] acpi PNP0A03:00: fail to add MMCONFIG information, can't access extended PCI configuration space under this bridge.
[   11.441629] PCI host bridge to bus 0000:00
[   11.467307] pci_bus 0000:00: root bus resource [io  0x0000-0x0cf7 window]
[   11.512314] pci_bus 0000:00: root bus resource [io  0x0d00-0xffff window]
[   11.540633] pci_bus 0000:00: root bus resource [mem 0x000a0000-0x000bffff window]
[   11.620398] pci_bus 0000:00: root bus resource [mem 0x40000000-0xffdfffff window]
[   11.621660] pci_bus 0000:00: root bus resource [bus 00-ff]
[   11.623938] pci 0000:00:01.1: legacy IDE quirk: reg 0x10: [io  0x01f0-0x01f7]
[   11.654900] pci 0000:00:01.1: legacy IDE quirk: reg 0x14: [io  0x03f6]
[   11.655784] pci 0000:00:01.1: legacy IDE quirk: reg 0x18: [io  0x0170-0x0177]
[   11.715052] pci 0000:00:01.1: legacy IDE quirk: reg 0x1c: [io  0x0376]
[   11.826771] pci 0000:00:07.0: quirk: [io  0x4000-0x403f] claimed by PIIX4 ACPI
[   11.956437] pci 0000:00:07.0: quirk: [io  0x4100-0x410f] claimed by PIIX4 SMB
[   12.091818] ACPI: PCI Interrupt Link [LNKA] (IRQs 5 9 10 *11)
[   12.181873] ACPI: PCI Interrupt Link [LNKB] (IRQs 5 9 10 *11)
[   12.265923] ACPI: PCI Interrupt Link [LNKC] (IRQs 5 9 *10 11)
[   12.377515] ACPI: PCI Interrupt Link [LNKD] (IRQs 5 *9 10 11)
[   12.445107] ACPI: Enabled 2 GPEs in block 00 to 07
[   12.498620] SCSI subsystem initialized
[   12.531952] vgaarb: setting as boot device: PCI:0000:00:02.0
[   12.561486] vgaarb: device added: PCI:0000:00:02.0,decodes=io+mem,owns=io+mem,locks=none
[   12.648168] vgaarb: loaded
[   12.656694] vgaarb: bridge control possible 0000:00:02.0
[   12.701280] ACPI: bus type USB registered
[   12.729879] usbcore: registered new interface driver usbfs
[   12.759172] usbcore: registered new interface driver hub
[   12.767694] usbcore: registered new device driver usb
[   12.769888] PCI: Using ACPI for IRQ routing
[   12.770742] NetLabel: Initializing
[   12.771293] NetLabel:  domain hash size = 128
[   12.831579] NetLabel:  protocols = UNLABELED CIPSOv4
[   12.921455] NetLabel:  unlabeled traffic allowed by default
[   13.028157] clocksource: Switched to clocksource kvm-clock
[   13.156552] VFS: Disk quotas dquot_6.6.0
[   13.244034] VFS: Dquot-cache hash table entries: 512 (order 0, 4096 bytes)
[   13.344305] AppArmor: AppArmor Filesystem Enabled
[   13.427872] pnp: PnP ACPI init
[   13.510144] pnp: PnP ACPI: found 3 devices
[   13.622909] clocksource: acpi_pm: mask: 0xffffff max_cycles: 0xffffff, max_idle_ns: 2085701024 ns
[   13.729045] NET: Registered protocol family 2
[   13.817739] TCP established hash table entries: 8192 (order: 4, 65536 bytes)
[   13.823311] TCP bind hash table entries: 8192 (order: 5, 131072 bytes)
[   13.824205] TCP: Hash tables configured (established 8192 bind 8192)
[   13.826090] UDP hash table entries: 512 (order: 2, 16384 bytes)
[   13.943096] UDP-Lite hash table entries: 512 (order: 2, 16384 bytes)
[   14.088007] NET: Registered protocol family 1
[   14.185180] pci 0000:00:00.0: Limiting direct PCI/PCI transfers
[   14.325270] pci 0000:00:01.0: Activating ISA DMA hang workarounds
[   14.470926] pci 0000:00:02.0: Video device with shadowed ROM at [mem 0x000c0000-0x000dffff]
[   14.666893] Unpacking initramfs...
[   16.278450] Freeing initrd memory: 11544K (ffff9cadf6964000 - ffff9cadf74aa000)
[   16.473822] platform rtc_cmos: registered platform RTC device (no PNP device found)
[   16.621311] Scanning for low memory corruption every 60 seconds
[   16.771756] futex hash table entries: 512 (order: 3, 32768 bytes)
[   16.892112] audit: initializing netlink subsys (disabled)
[   16.922195] audit: type=2000 audit(1500418351.724:1): initialized
[   16.926810] Initialise system trusted keyrings
[   16.929634] workingset: timestamp_bits=40 max_order=18 bucket_order=0
[   16.935496] zbud: loaded
[   16.937635] squashfs: version 4.0 (2009/01/31) Phillip Lougher
[   16.942358] fuse init (API version 7.25)
[   16.944454] Allocating IMA blacklist keyring.
[   16.951452] Key type asymmetric registered
[   16.956287] Asymmetric key parser 'x509' registered
[   16.957809] Block layer SCSI generic (bsg) driver version 0.4 loaded (major 248)
[   16.961634] io scheduler noop registered
[   16.965286] io scheduler deadline registered (default)
[   17.057884] io scheduler cfq registered
[   17.140685] pci_hotplug: PCI Hot Plug PCI Core version: 0.5
[   17.265779] pciehp: PCI Express Hot Plug Controller Driver version: 0.4
[   17.481224] tsc: Refined TSC clocksource calibration: 2790.241 MHz
[   17.688550] clocksource: tsc: mask: 0xffffffffffffffff max_cycles: 0x28383d8c88d, max_idle_ns: 440795231809 ns
[   17.688925] ACPI: AC Adapter [AC] (on-line)
[   17.688964] input: Power Button as /devices/LNXSYSTM:00/LNXPWRBN:00/input/input0
[   17.688967] ACPI: Power Button [PWRF]
[   17.689020] input: Sleep Button as /devices/LNXSYSTM:00/LNXSLPBN:00/input/input1
[   17.689021] ACPI: Sleep Button [SLPF]
[   17.689133] GHES: HEST is not enabled!
[   17.781839] APPI: Battery Slot [BAT0] (battery present)
[   17.782121] Serial: 8250/16550 driver, 32 ports, IRQ sharing enabled
[   17.944612] 00:02: ttyS0 at I/O 0x3f8 (irq = 4, base_baud = 115200) is a 16550A
[   18.027048] Linux agpgart interface v0.103
[   18.095129] loop: module loaded
[   18.095508] scsi host0: ata_piix
[   18.095551] scsi host1: ata_piix
[   18.095571] ata1: PATA max UDMA/33 cmd 0x1f0 ctl 0x3f6 bmdma 0xd000 irq 14
[   18.095572] ata2: PATA max UDMA/33 cmd 0x170 ctl 0x376 bmdma 0xd008 irq 15
[   18.095633] libphy: Fixed MDIO Bus: probed
[   18.095633] tun: Universal TUN/TAP device driver, 1.6
[   18.095634] tun: (C) 1999-2004 Max Krasnyansky <maxk@qualcomm.com>
[   18.095906] PPP generic driver version 2.4.2
[   18.095973] ehci_hcd: USB 2.0 'Enhanced' Host Controller (EHCI) Driver
[   18.095975] ehci-pci: EHCI PCI platform driver
[   18.095988] ehci-platform: EHCI generic platform driver
[   18.095992] ohci_hcd: USB 1.1 'Open' Host Controller (OHCI) Driver
[   18.095993] ohci-pci: OHCI PCI platform driver
[   18.095999] ohci-platform: OHCI generic platform driver
[   18.096003] uhci_hcd: USB Universal Host Controller Interface driver
[   18.096042] i8042: PNP: PS/2 Controller [PNP0303:PS2K,PNP0f03:PS2M] at 0x60,0x64 irq 1,12
[   18.096562] serio: i8042 KBD port at 0x60,0x64 irq 1
[   18.096566] serio: i8042 AUX port at 0x60,0x64 irq 12
[   18.096709] mousedev: PS/2 mouse device common for all mice
[   18.096914] input: AT Translated Set 2 keyboard as /devices/platform/i8042/serio0/input/input2
[   18.097165] rtc_cmos rtc_cmos: rtc core: registered rtc_cmos as rtc0
[   18.097207] rtc_cmos rtc_cmos: alarms up to one day, 114 bytes nvram
[   18.097210] i2c /dev entries driver
[   18.097250] device-mapper: uevent: version 1.0.3
[   18.097287] device-mapper: ioctl: 4.35.0-ioctl (2016-06-23) initialised: dm-devel@redhat.com
[   21.921368] ledtrig-cpu: registered to indicate activity on CPUs
[   22.049056] NET: Registered protocol family 10
[   22.145600] NET: Registered protocol family 17
[   22.228988] Key type dns_resolver registered
[   22.296852] microcode: sig=0x40661, pf=0x40, revision=0x0
[   22.407908] microcode: Microcode Update Driver: v2.01 <tigran@aivazian.fsnet.co.uk>, Peter Oruba
[   22.533154] registered taskstats version 1
[   22.533790] Loading compiled-in X.509 certificates
[   22.630269] Loaded X.509 cert 'Build time autogenerated kernel key: 2a49fe74529c82e508afa5f01a7bdd84db7be87b'
[   22.801989] zswap: loaded using pool lzo/zbud
[   22.883472] Key type big_key registered
[   22.940836] Key type trusted registered
[   23.013408] Key type encrypted registered
[   23.050289] AppArmor: AppArmor sha1 policy hashing enabled
[   23.051064] ima: No TPM chip found, activating TPM-bypass!
[   23.088013] evm: HMAC attrs: 0x1
[   23.161395]   Magic number: 9:34:907
[   23.216597] rtc_cmos rtc_cmos: setting system clock to 2017-07-18 22:52:46 UTC (1500418366)
[   23.218100] BIOS EDD facility v0.16 2004-Jun-25, 0 devices found
[   23.284684] EDD information not available.
[   23.321835] Freeing unused kernel memory: 1552K (ffffffff95d6a000 - ffffffff95eee000)
[   23.397521] Write protecting the kernel read-only data: 14336k
[   23.507905] Freeing unused kernel memory: 1376K (ffff9cade02a8000 - ffff9cade0400000)
[   23.593458] Freeing unused kernel memory: 268K (ffff9cade07bd000 - ffff9cade0800000)
[   23.754506] x86/mm: Checked W+X mappings: passed, no W+X pages found.
Loading, please [   23.910472] random: systemd-udevd: uninitialized urandom read (16 bytes read)
wait...
starting version 231
[   23.917045] random: udevadm: uninitialized urandom read (16 bytes read)
[   23.917064] random: udevadm: uninitialized urandom read (16 bytes read)
[   23.917422] random: udevadm: uninitialized urandom read (16 bytes read)
[   23.917451] random: udevadm: uninitialized urandom read (16 bytes read)
[   23.917458] random: udevadm: uninitialized urandom read (16 bytes read)
[   23.917571] random: udevadm: uninitialized urandom read (16 bytes read)
[   23.917597] random: udevadm: uninitialized urandom read (16 bytes read)
[   23.917625] random: udevadm: uninitialized urandom read (16 bytes read)
[   23.917653] random: udevadm: uninitialized urandom read (16 bytes read)
[   24.650627] e1000: Intel(R) PRO/1000 Network Driver - version 7.3.21-k8-NAPI
[   24.779433] e1000: Copyright (c) 1999-2006 Intel Corporation.
[   24.948745] Fusion MPT base driver 3.04.20
[   25.049228] Copyright (c) 1999-2008 LSI Corporation
[   25.119005] AVX version of gcm_enc/dec engaged.
[   25.228238] AES CTR mode by8 optimization enabled
[   25.318976] Fusion MPT SPI Host driver 3.04.20
[   25.339998] input: ImExPS/2 Generic Explorer Mouse as /devices/platform/i8042/serio1/input/input4
[   25.651527] e1000 0000:00:03.0 eth0: (PCI:33MHz:32-bit) 02:92:a1:6f:1e:eb
[   25.711531] e1000 0000:00:03.0 eth0: Intel(R) PRO/1000 Network Connection
[   26.081517] e1000 0000:00:08.0 eth1: (PCI:33MHz:32-bit) 08:00:27:6b:9a:70
[   26.282975] e1000 0000:00:08.0 eth1: Intel(R) PRO/1000 Network Connection
[   26.285114] e1000 0000:00:03.0 enp0s3: renamed from eth0
[   26.286372] mptbase: ioc0: Initiating bringup
[   26.340830] e1000 0000:00:08.0 enp0s8: renamed from eth1
[   26.488669] ioc0: LSI53C1030 A0: Capabilities={Initiator}
[   26.854295] scsi host2: ioc0: LSI53C1030 A0, FwRev=00000000h, Ports=1, MaxQ=256, IRQ=20
[   27.232884] scsi 2:0:0:0: Direct-Access     VBOX     HARDDISK         1.0  PQ: 0 ANSI: 5
[   27.418148] scsi target2:0:0: Beginning Domain Validation
[   27.535099] scsi target2:0:0: Domain Validation skipping write tests
[   27.582852] scsi target2:0:0: Ending Domain Validation
[   27.667444] scsi target2:0:0: asynchronous
[   27.789751] scsi 2:0:1:0: Direct-Access     VBOX     HARDDISK         1.0  PQ: 0 ANSI: 5
[   27.858216] scsi target2:0:1: Beginning Domain Validation
[   27.910642] scsi target2:0:1: Domain Validation skipping write tests
[   27.954714] scsi target2:0:1: Ending Domain Validation
[   28.064265] scsi target2:0:1: asynchronous
[   28.175893] random: fast init done
[   28.251562] sd 2:0:0:0: [sda] 20971520 512-byte logical blocks: (10.7 GB/10.0 GiB)
[   28.251565] sd 2:0:0:0: Attached scsi generic sg0 type 0
[   28.468937] sd 2:0:1:0: [sdb] 20480 512-byte logical blocks: (10.5 MB/10.0 MiB)
[   28.469042] sd 2:0:1:0: Attached scsi generic sg1 type 0
[   28.469202] sd 2:0:1:0: [sdb] Write Protect is off
[   28.469360] sd 2:0:1:0: [sdb] Incomplete mode parameter data
[   28.469361] sd 2:0:1:0: [sdb] Assuming drive cache: write through
[   28.470877] sd 2:0:1:0: [sdb] Attached SCSI disk
[   28.612191] floppy0: no floppy controllers found
[   28.612239] work still pending
[   29.379687] sd 2:0:0:0: [sda] Write Protect is off
[   29.490969] sd 2:0:0:0: [sda] Incomplete mode parameter data
[   29.613343] sd 2:0:0:0: [sda] Assuming drive cache: write through
[   29.717684]  sda: sda1
[   29.718430] sd 2:0:0:0: [sda] Attached SCSI disk
Begin: Loading e[   30.992530] md: linear personality registered for level -1
ssential drivers[   31.136343] md: multipath personality registered for level -4
 ... [   31.218187] md: raid0 personality registered for level 0
[   31.244441] md: raid1 personality registered for level 1
[   31.416307] raid6: sse2x1   gen() 11159 MB/s
[   31.564369] raid6: sse2x1   xor()  8473 MB/s
[   31.708233] raid6: sse2x2   gen() 14207 MB/s
[   31.840668] raid6: sse2x2   xor()  9464 MB/s
[   31.996686] raid6: sse2x4   gen() 16189 MB/s
[   32.132173] raid6: sse2x4   xor() 11732 MB/s
[   32.230941] raid6: using algorithm sse2x4 gen() 16189 MB/s
[   32.308740] raid6: .... xor() 11732 MB/s, rmw enabled
[   32.352393] raid6: using ssse3x2 recovery algorithm
[   32.353988] xor: automatically using best checksumming function: avx
[   32.355600] async_tx: api initialized (async)
[   32.401433] md: raid6 personality registered for level 6
[   32.474781] md: raid5 personality registered for level 5
[   32.515663] md: raid4 personality registered for level 4
[   32.640034] md: raid10 personality registered for level 10
done.
Begin: Running /scripts/i[   32.838967] Btrfs loaded, crc32c=crc32c-intel
nit-premount ... done.
Begin: Mounting root file system ... Begin: Running /scripts/local-top ... done.
Begin: Running /scripts/local-premount ... Scanning for Btrfs filesystems
done.
Warning: fsck no[   33.029999] EXT4-fs (sda1): mounted filesystem with ordered data mode. Opts: (null)
t present, so skipping root file system
done.
Begin: Running /scripts/local-bottom ... done.
Begin: Running /scripts/init-bottom ... /scripts/init-bottom/plymouth: line 18: /bin/plymouth: not found
done.
[   33.296982] ip_tables: (C) 2000-2006 Netfilter Core Team
[   33.423503] systemd[1]: systemd 231 running in system mode. (+PAM +AUDIT +SELINUX +IMA +APPARMOR +SMACK +SYSVINIT +UTMP +LIBCRYPTSETUP +GCRYPT +GNUTLS +ACL +XZ -LZ4 +SECCOMP +BLKID +ELFUTILS +KMOD +IDN)
[   33.648549] systemd[1]: Detected virtualization oracle.
[   33.764610] systemd[1]: Detected architecture x86-64.

Welcome to [1mUbuntu 16.10[0m!

[   33.917054] systemd[1]: Set hostname to <ubuntu>.
[   34.023388] systemd[1]: Initializing machine ID from random generator.
[   34.050296] systemd[1]: Installed transient /et//machine-id file.
[   34.284273] systemd[1]: Reached target Encrypted Volumes.
[[0;32m  OK  [0m] Reached target Encrypted Volumes.
[   34.488741] systemd[1]: Listening on Syslog Socket.
[[0;32m  OK  [0m] Listening on Syslog Socket.
[   34.514138] systemd[1]: Listening on Device-mapper event daemon FIFOs.
[[0;32m  OK  [0m] Listening on Device-mapper event daemon FIFOs.
[   34.564704] systemd[1]: Listening on /dev/initctl Compatibility Named Pipe.
[[0;32m  OK  [0m] Listening on /dev/initctl Compatibility Named Pipe.
[[0;32m  OK  [0m] Created slice User and Session Slice.
[[0;32m  OK  [0m] Started Forward Password Requests to Wall Directory Watch.
[[0;32m  OK  [0m] Listening on LVM2 metadata daemon socket.
[[0;32m  OK  [0m] Listening on Journal Socket (/dev/log).
[[0;32m  OK  [0m] Listening on Journal Audit Socket.
[[0;32m  OK  [0m] Set up automount Arbitrary Executab...ats File System Automount Point.
[[0;32m  OK  [0m] Listening on udev Kernel Socket.
[[0;32m  OK  [0m] Reached target Swap.
[[0;32m  OK  [0m] Listening on udev Control Socket.
[[0;32m  OK  [0m] Created slice System Slice.
[[0;32m  OK  [0m] Reached target Slices.
[[0;32m  OK  [0m] Created slice system-serial\x2dgetty.slice.
[[0;32m  OK  [0m] Reached target User and Group Name Lookups.
[[0;32m  OK  [0m] Listening on Journal Socket.
         Startin[   35.337199] Loading iSCSI transport class v2.0-870.
g Load Kernel Mo[   35.398212] iscsi: registered transport (tcp)
dules...
[   35.491133] iscsi: registered transport (iser)
         Mounting POSIX Message Queue File System...
         Starting Uncomplicated firewall...
         Starting Create list of required st... nodes for the current kernel...
         Mounting Huge Pages File System...
         Starting Set the console keyboard layout...
         Starting Journal Service...
         Startin[   35.869855] EXT4-fs (sda1): re-mounted. Opts: (null)
g Remount Root and Kernel File Systems...
         Mounting Debug File System...
         Starting Monitoring of LVM2 mirrors... dmeventd or progress polling...
         Starting Nameserver information manager...
[[0;32m  OK  [0m] Listening on LVM2 poll daemon socket.
[[0;32m  OK  [0m] Mounted POSIX Message Queue File System.
[[0;32m  OK  [0m] Mounted Huge Pages File System.
[[0;32m  OK  [0m] Mounted Debug File System.
[[0;32m  OK  [0m] Started Journal Service.
[[0;32m  OK  [0m] Started Load Kernel Modules.
[[0;32m  OK  [0m] Started Uncomplicated firewall.
[[0;32m  OK  [0m] Started Create list of required sta...ce nodes for the current kernel.
[[0;32m  OK  [0m] Started Remount Root and Kernel File Systems.
[[0;32m  OK  [0m] Started LVM2 metadata daemon.
         Starting udev Coldplug all Devices...
         Starting Load/Save Random Seed...
[   36.740949] random: crng init done
         Starting Initial cloud-init job (pre-networking)...
         Starting Create Static Device Nodes in /dev...
         Starting Apply Kernel Variables...
         Mounting FUSE Control File System...
         Mounting Configuration File System...
         Starting Flush Journal to Persistent Storage...
[[0;32m  OK  [0m] Mounted FUSE Control File System.
[[0;32m  OK  [0m] Mounted Configuration File System.
[[0;32m  OK  [0m] Started Monitoring of LVM2 mirrors,...ng dmeventd or progress polling.
[[0;32m  OK  [0m] Started Nameserver information manager.
[[0;32m  OK  [0m] Started Load/Save Random Seed.
[[0;32m  OK  [0m] Started Create Static Device Nodes in /dev.
[[0;32m  OK  [0m] Started Apply Kernel Variables.
[[0;32m  OK  [0m] Started udev Coldplug all Devices.
         Starting udev Kernel Device Manager...
[[0;32m  OK  [0m] Started Flush Journal to Persistent Storage.
[[0;32m  OK  [0m] Started udev Kernel Device Manager.
[   24.987518] cloud-init[446]: Cloud-init v. 0.7.9 running 'init-local' at Tue, 18 Jul 2017 22:53:00 +0000. Up 24.83 seconds.
[[0;32m  OK  [0m] Started Initial cloud-init job (pre-networking).
[[0;32m  OK  [0m] Found device /dev/ttyS0.
[[0;32m  OK  [0m] Found device 82540EM Gigabit Ethern...r (PRO/1000 MT Desktop Adapter).
[[0;32m  OK  [0m] Started Set the console keyboard layout.
[[0;32m  OK  [0m] Listening on Load/Save RF Kill Switch Status /dev/rfkill Watch.
[[0;32m  OK  [0m] Reached target Local File Systems (Pre).
[[0;32m  OK  [0m] Reached target Local File Systems.
         Starting Set console font and keymap...
         Starting Commit a transient machine-id on disk...
         Starting Tell Plymouth To Write Out Runtime Data...
         Starting AppArmor initialization...
         Starting ebtables ruleset management...
         Starting Create Volatile Files and Directories...
[[0;32m  OK  [0m] Started Dispatch Password Requests to Console Directory Watch.
[[0;32m  OK  [0m] Started Set console font and keymap.
[[0;32m  OK  [0m] Started Commit a transient machine-id on disk.
[[0;32m  OK  [0m] Started Tell Plymouth To Write Out Runtime Data.
[[0;32m  OK  [0m] Started Create Volatile Files and Directories.
[[0;32m  OK  [0m] Reached target System Time Synchronized.
         Starting Update UTMP about System Boot/Shutdown...
[[0;32m  OK  [0m] Started ebtables ruleset management.
[[0;32m  OK  [0m] Reached target Network (Pre).
[[0;32m  OK  [0m] Started Update UTMP about System Boot/Shutdown.
[[0;32m  OK  [0m] Started AppArmor initialization.
[[0;32m  OK  [0m] Started ifup for enp0s3.
         Starting Raise network interfaces...
[[0;32m  OK  [0m] Started Raise network interfaces.
         Starting Initial cloud-init job (metadata service crawler)...
[[0;32m  OK  [0m] Reached target Network.
[   29.095780] cloud-init[1047]: Cloud-init v. 0.7.9 running 'init' at Tue, 18 Jul 2017 22:53:04 +0000. Up 28.60 seconds.
[[0;32m  OK  [0m] Started Initial cloud-init job (metadata service crawler).
[[0;32m  OK  [0m] Reached target System Initialization.
[[0;32m  OK  [0m] Listening on UUID daemon activation socket.
[   29.194070] cloud-init[1047]: ci-info: ++++++++++++++++++++++++++++++Net device info++++++++++++++++++++++++++++++
[   29.432582] cloud-init[1047]: ci-info: +---------+-------+-----------+---------------+-------+-------------------+
[   29.528390] [cloud-init[0;32m  OK  [0m[1047]: ] ci-info: |  Device |   Up  |  Address  |      Mask     | Scope |     Hw-Address    |Started Daily apt activities.

[   29.528853] cloud-init[1047]: ci-info: +---------+-------+-----------+---------------+-------+-------------------+
[   29.724839] cloud-init[1047]: ci-info: |   lo:   |  True | 127.0.0.1 |   255.0.0.0   |   .   |         .         |
[[0;32m  OK  [0m] Started ACPI Events Check.
[[0;32m  OK  [0m] Reached target Paths.
[   29.819399] cloud-init[1047]: ci-info: |   lo:   |  True |     .     |       .       |   d   |         .         |
[   29.913871] cloud-init[1047]: ci-info: | enp0s3: |  True | 10.0.2.15 | 255.255.255.0 |   .   | 02:92:a1:6f:1e:eb |
         Starting LXD - unix socket.
         [   29.916468] Starting Socket activation for snappy daemon.cloud-init
[1047]: ci-info: | enp0s3: |  True |     .     |       .       |   d   | 02:92:a1:6f:1e:eb |
[   30.077126] cloud-init[1047]: ci-info: | enp0s8: | False |     .     |       .       |   .   | 08:00:27:6b:9a:70 |
[   30.172417] cloud-init[1047]: ci-info: +---------+-------+-----------+---------------+-------+-------------------+
[   30.260661] cloud-init[1047]: ci-info: +++++++++++++++++++++++++++Route IPv4 info++++++++++++++++++++++++++++
[[0;32m  OK  [0m] Started Daily Cleanup of Temporary Directories.
[[0;32m  OK  [0m] Listening on ACPID Listen Socket.
[[0;32m  OK  [0m] Started Timer to automatically refresh installed snaps.
[   30.359272] cloud-init[1047]: ci-info: +-------+-------------+----------+---------------+-----------+-------+
[   30.629146] cloud-init[1047]: ci-info: | Route | Destination | Gateway  |    Genmask    | Interface | Flags |
[   30.694537] cloud-init[1047]: ci-info: +-------+-------------+----------+---------------+-----------+-------+
[[0;32m  OK  [0m] Reached target Timers.
[[0;32m  OK  [0m] Listening on D-Bus System Message Bus Socket.
[[0;32m  OK  [0m] Reached target Cloud-config availability.
[   30.767308] cloud-init[1047]: ci-info: |   0   |   0.0.0.0   | 10.0.2.2 |    0.0.0.0    |   enp0s3  |   UG  |
[   30.892357] cloud-init[1047]: ci-info: |   1   |   10.0.2.0  | 0.0.0.0  | 255.255.255.0 |   enp0s3  |   U   |
[   30.948363] cloud-init[1047]: ci-info: +-------+-------------+----------+---------------+-----------+-------+
[   30.996415] cloud-init[1047]: Generating public/private rsa key pair.
[[0;32m  OK  [0m] Listening on LXD - unix socket.
[[0;32m  OK  [0m] Listening on Socket activation for snappy daemon.
[[0;32m  OK  [0m] Reached target Sockets.
[   31.024905] cloud-init[1047]: Your identification has been saved in /etc/ssh/ssh_host_rsa_key.
[   31.164457] cloud-init[1047]: Your public key has been saved in /etc/ssh/ssh_host_rsa_key.pub.
[   31.216680] cloud-init[1047]: The key fingerprint is:
[[0;32m  OK  [0m] Reached target Basic System.
[   31.244645] cloud-init[1047]: SHA256:4vKty4GpoeYsQrLIOJR3tpcHtQftv7hj9E+nNHpPrcU root@ubuntu-yakkety
[   31.274772] cloud-init[1047]: The key's randomart image is:
[   31.320215] cloud-init[1047]: +---[RSA 2048]----+
[   31.320434] cloud-init[1047]: |                 |
         Starting Network Name Resolution...
[   31.320610] cloud-init[1047]: |                 |
         Starting System Logging Service...
[   31.414745] cloud-init[1047]: |          .      |
[   31.448603] cloud-init[1047]: |         o .     |
[   31.461674] cloud-init[1047]: |  .   . S +      |
[   31.461931] cloud-init[1047]: |.+ . * o . +   ..|
         Starting LXD - container startup/shutdown...
[   31.462087] cloud-init[1047]: |B.o * + o o o o.E|
[   31.512433] cloud-init[1047]: |O+ o = = . o.=o*.|
[   31.512734] cloud-init[1047]: |*+.   *oo .o+o=o.|
[[0;32m  OK  [0m] Started ACPI event daemon.
[   31.512868] cloud-init[1047]: +----[SHA256]-----+
[   31.580231] cloud-init[1047]: Generating public/private dsa key pair.
[   31.580456] cloud-init[1047]: Your identification has been saved in /etc/ssh/ssh_host_dsa_key.
         Starting Login Service...
[   31.580586] cloud-init[1047]: Your public key has been saved in /etc/ssh/ssh_host_dsa_key.pub.
[   31.642926] cloud-init[1047]: The key fingerprint is:
[   31.643966] cloud-init[1047]: SHA256:gprAw5GHdHrfk9g/FUohpRiEOPHJCsY0oPbAx/yY8UY root@ubuntu-yakkety
[   31.660647] cloud-init[1047]: The key's randomart image is:
[   31.660854] cloud-init[1047]: +---[DSA 1024]----+
[[0;32m  OK  [0m] Started FUSE filesystem for LXC.
[   31.660992] cloud-init[1047]: |o=o.oo ..o       |
         Starting Accounts Service...
[   31.778566] cloud-init[1047]: |*o@.. o o .      |
         Starting LSB: Record successful boot for GRUB...
[   31.846618] cloud-init[1047]: |o@.@ E . . .     |
[   31.897216] [cloud-init[0;32m  OK  [0m[1047]: ] |* O O.+ o . .    |Started Snappy daemon.

[   31.915784]          Starting Auto import assertions from block devices...
cloud-init[1047]: |.= +.*.=S. .     |
[   31.972817] [cloud-init[0;32m  OK  [0m[1047]: ] | ..o.  .o .      |Started Regular background program processing daemon.

[   31.973165] cloud-init[1047]: |  o      o       |
[   32.076338] [cloud-init[0;32m  OK  [0m[1047]: ] |          .      |Started Deferred execution scheduler.

[[0;32m  OK  [0m] Started Unattended Upgrades Shutdown.
[   32.076844] cloud-init[1047]: |                 |
[   32.174985] [cloud-init[0;32m  OK  [0m[1047]: ] +----[SHA256]-----+Started D-Bus System Message Bus.

[   32.175306] cloud-init[1047]: Generating public/private ecdsa key pair.
[   32.257169] [cloud-init[0;32m  OK  [0m[1047]: ] Your identification has been saved in /etc/ssh/ssh_host_ecdsa_key.Started System Logging Service.

[   32.257506] cloud-init[1047]: Your public key has been saved in /etc/ssh/ssh_host_ecdsa_key.pub.
[   32.404498] [cloud-init[0;32m  OK  [0m[1047]: ] The key fingerprint is:Started LXD - container startup/shutdown.

[   32.404924] cloud-init[1047]: SHA256:p+/hMgDO3kswXOWr/4dSeLStCaVonoSHBO0cax2BWLY root@ubuntu-yakkety
[   32.528310] [cloud-init[0;32m  OK  [0m[1047]: ] The key's randomart image is:Started Auto import assertions from block devices.

[[0;32m  OK  [0m] Started Network Name Resolution.
[   32.528767] cloud-init[1047]: +---[ECDSA 256]---+
[[0;32m  OK  [0m] Started Login Service.
[[0;32m  OK  [0m] Started LSB: Record successful boot for GRUB.
[   32.622760] cloud-init[1047]: |   +o....        |
[   32.647321] cloud-init[1047]: |  o.+..o         |
[   32.660738]          cloud-initStarting Authenticate and Authorize Users to Run Privileged Tasks...[1047]: 
|   +E+...        |
[   32.724377] [cloud-init[0;32m  OK  [0m[1047]: ] |   .B..  .o      |Reached target Network is Online.

[   32.724715] cloud-init[1047]: |   =++ .S=.o     |
[   32.799400] cloud-init[1047]: |    =o*.+o+ .    |
         Starting Pollinate to seed the pseudo random number generator...
[   32.838561] cloud-init[1047]: |   . *oo.+.+     |
         Starting iSCSI initiator daemon (iscsid)...
[   32.922649] cloud-init[1047]: |    ..+.+o+..    |
         Starting Apply the settings specified in cloud-config...
[   32.991794] cloud-init[1047]: |      ...*=.     |
[   33.084286] cloud-init[1047]: +----[SHA256]-----+
[[0;32m  OK  [0m] Started Authenticate and Authorize Users to Run Privileged Tasks.
[   33.084717] [cloud-init[0;32m  OK  [0m[1047]: ] Generating public/private ed25519 key pair.Started iSCSI initiator daemon (iscsid).

[   33.182591] cloud-init[1047]: Your identification has been saved in /etc/ssh/ssh_host_ed25519_key.
[[0;32m  OK  [0m] Started Accounts Service.
[   33.214683] cloud-init[1047]: Your public key has been saved in /etc/ssh/ssh_host_ed25519_key.pub.
         Starting Login to default iSCSI targets...
[   33.264612] cloud-init[1047]: The key fingerprint is:
[   33.308689] cloud-init[1047]: SHA256:XGXvVaaUti0MD7azLiUlOr+gmEAE5K7gZwT0+auejKs root@ubuntu-yakkety
[[0;32m  OK  [0m] Started Login to default iSCSI targets.
[   33.364333] cloud-init[1047]: The key's randomart image is:
[   33.401269] cloud-init[1047]: +--[ED25519 256]--+
[   33.401443] cloud-init[1047]: |oo          o ..o|
[   33.401554] cloud-init[1047]: |o.. .      o+ooo.|
[   33.401656] cloud-init[1047]: | o.o      .. Boo.|
[   33.401763] cloud-init[1047]: |... .  . .. +.=..|
[   33.401871] cloud-init[1047]: |.... .  S. o o.. |
[[0;32m  OK  [0m] Reached target Remote File Systems (Pre).
[[0;32m  OK  [0m[   33.401978] ] cloud-initReached target Remote File Systems.[1047]: 
|+..   . o . o    |
[   33.495471] cloud-init[1047]: |...o .  .o +     |
[   33.495673] cloud-init[1047]: |  =.oo . .o .    |
         Starting LSB: VirtualBox Linux Additions...
[   33.496093] cloud-init[1047]: |Eoo=o .   .o     |
[   33.580433] cloud-init[1047]: +----[SHA256]-----+
         Starting LSB: daemon to balance interrupts for SMP systems...
         Starting Permit User Sessions...
         Starting LSB: automatic crash report generation...
[   33.591428] cloud-init[1463]: Generating locales (this might take a while)...
[[0;32m  OK  [0m] Started Permit User Sessions.
         Starting Hold until boot process finishes up...
         Starting Terminate Plymouth Boot Screen...
[[0;32m  OK  [0m] Started Hold until boot process finishes up.
[[0;32m  OK  [0m] Started Terminate Plymouth Boot Screen.
[[0;32m  OK  [0m] Started Pollinate to seed the pseudo random number generator.
         Starting OpenBSD Secure Shell server...
         Starting Set console scheme...
[[0;32m  OK  [0m] Started Serial Getty on ttyS0.
[[0;32m  OK  [0m] Started OpenBSD Secure Shell server.
[[0;32m  OK  [0m] Started LSB: VirtualBox Linux Additions.
[[0;32m  OK  [0m] Started LSB: daemon to balance interrupts for SMP systems.
[[0;32m  OK  [0m] Started LSB: automatic crash report generation.
[[0;32m  OK  [0m] Started Set console scheme.
[[0;32m  OK  [0m] Created slice system-getty.slice.
[[0;32m  OK  [0m] Started Getty on tty1.
[[0;32m  OK  [0m] Reached target Login Prompts.
[[0;32m  OK  [0m] Reached target Multi-User System.
[[0;32m  OK  [0m] Reached target Graphical Interface.
         Starting Update UTMP about System Runlevel Changes...
[   34.221920] cloud-init[1463]:   en_US.UTF-8... done
[[0;32m  OK  [0m] Started Update UTMP about System Runlevel Changes.
[   34.279047] cloud-init[1463]: Generation complete.
         Stopping OpenBSD Secure Shell server...
[[0;32m  OK  [0m] Stopped OpenBSD Secure Shell server.
         Starting OpenBSD Secure Shell server...
[[0;32m  OK  [0m] Started OpenBSD Secure Shell server.
[[0;32m  OK  [0m] Created slice User Slice of ubuntu.
         Starting User Manager for UID 1000...
[[0;32m  OK  [0m] Started User Manager for UID 1000.
[   34.600694] cloud-init[1463]: Cloud-init v. 0.7.9 running 'modules:config' at Tue, 18 Jul 2017 22:53:08 +0000. Up 33.33 seconds.
[[0;32m  OK  [0m] Started Session 1 of user ubuntu.
[[0;32m  OK  [0m] Started Apply the settings specified in cloud-config.
         Starting Execute cloud user/final scripts...
ci-info: no authorized ssh keys fingerprints found for user ubuntu.
<14>Jul 18 22:53:10 ec2: 
<14>Jul 18 22:53:10 ec2: #############################################################
<14>Jul 18 22:53:10 ec2: -----BEGIN SSH HOST KEY FINGERPRINTS-----
<14>Jul 18 22:53:10 ec2: 1024 SHA256:gprAw5GHdHrfk9g/FUohpRiEOPHJCsY0oPbAx/yY8UY root@ubuntu-yakkety (DSA)
<14>Jul 18 22:53:10 ec2: 256 SHA256:p+/hMgDO3kswXOWr/4dSeLStCaVonoSHBO0cax2BWLY root@ubuntu-yakkety (ECDSA)
<14>Jul 18 22:53:10 ec2: 256 SHA256:XGXvVaaUti0MD7azLiUlOr+gmEAE5K7gZwT0+auejKs root@ubuntu-yakkety (ED25519)
<14>Jul 18 22:53:10 ec2: 2048 SHA256:4vKty4GpoeYsQrLIOJR3tpcHtQftv7hj9E+nNHpPrcU root@ubuntu-yakkety (RSA)
<14>Jul 18 22:53:10 ec2: -----END SSH HOST KEY FINGERPRINTS-----
<14>Jul 18 22:53:10 ec2: #############################################################
-----BEGIN SSH HOST KEY KEYS-----
ecdsa-sha2-nistp256 AAAAE2VjZHNhLXNoYTItbmlzdHAyNTYAAAAIbmlzdHAyNTYAAABBBLeH6YCmvsV038gNYo/z0XSdEyJ2FrN8fkLxlCHMQwRx/xeflnu5TKOFd6bTPzpggNe9rDaF4yswe+KXkMIn+WU= root@ubuntu-yakkety
ssh-ed25519 AAAAC3NzaC1lZDI1NTE5AAAAIN0MLqmYefAWGOqCZV/8uEboSQvsj8pxcHH2+HDfMqmV root@ubuntu-yakkety
ssh-rsa AAAAB3NzaC1yc2EAAAADAQABAAABAQDKY+sNLbRBy7qPoLo8Mj5Zi6zG6+KvIFn1jlbY+2J0YqbJ2isjGeaWq3hh1oKrM/xVFynffKA0zQ1IRC1d1mVtkwGvQvpMU3LPwqZn4zWekSviU64+U7k+pl6OLmGPkiSyPORF1eqfegfzPuHvtyGwwHwbi+Q4AexJ9zuLMhKN7B9XwsrFkX3oKpgKaUI/m8PKdOsZYed+tVKcemrGSpS/M1bi1g4ROuJDfNar7xXZ4Xk5Rz6/y1pmUWi//SdkJFgxvdMNrOwu0nQDHu1dUi7+lDpdj9NtYcceMCXELDdy67lT9SNzgpSQ8gruSuapClvXre3sqzoI05i2I7+xvbsh root@ubuntu-yakkety
-----END SSH HOST KEY KEYS-----
[   35.970210] cloud-init[1778]: Cloud-init v. 0.7.9 running 'modules:final' at Tue, 18 Jul 2017 22:53:10 +0000. Up 35.07 seconds.
[   36.056337] [cloud-init[0;32m  OK  [0m[1778]: ] ci-info: no authorized ssh keys fingerprints found for user ubuntu.Started Execute cloud user/final scripts.

[   36.056648] cloud-init[1778]: Cloud-init v. 0.7.9 finished at Tue, 18 Jul 2017 22:53:11 +0000. Datasource DataSourceNoCloud [seed=/dev/sdb][dsmode=net].  Up 35.96 seconds
[[0;32m  OK  [0m] Started Session 3 of user ubuntu.
[[0;32m  OK  [0m] Reached target Cloud-init target.

Ubuntu 16.10 tele-client1 ttyS0

tele-client1 login: 